<?xml version="1.0" encoding="UTF-8"?>
<testsuite xmlns:xsi="http://www.w3.org/2001/XMLSchema-instance" xsi:noNamespaceSchemaLocation="https://maven.apache.org/surefire/maven-surefire-plugin/xsd/surefire-test-report.xsd" name="com.blackboard.com.AppTest" time="0.821" tests="1" errors="0" skipped="0" failures="0">
  <properties>
    <property name="java.specification.version" value="17"/>
    <property name="sun.jnu.encoding" value="UTF-8"/>
    <property name="java.class.path" value="/Users/jguio/eclipse-workspace/OneScheme-SFDC/target/test-classes:/Users/jguio/eclipse-workspace/OneScheme-SFDC/target/classes:/Users/jguio/.m2/repository/junit/junit/4.12/junit-4.12.jar:/Users/jguio/.m2/repository/org/hamcrest/hamcrest-core/1.3/hamcrest-core-1.3.jar:/Users/jguio/.m2/repository/org/seleniumhq/selenium/selenium-java/3.141.59/selenium-java-3.141.59.jar:/Users/jguio/.m2/repository/org/seleniumhq/selenium/selenium-api/3.141.59/selenium-api-3.141.59.jar:/Users/jguio/.m2/repository/org/seleniumhq/selenium/selenium-chrome-driver/3.141.59/selenium-chrome-driver-3.141.59.jar:/Users/jguio/.m2/repository/org/seleniumhq/selenium/selenium-edge-driver/3.141.59/selenium-edge-driver-3.141.59.jar:/Users/jguio/.m2/repository/org/seleniumhq/selenium/selenium-firefox-driver/3.141.59/selenium-firefox-driver-3.141.59.jar:/Users/jguio/.m2/repository/org/seleniumhq/selenium/selenium-ie-driver/3.141.59/selenium-ie-driver-3.141.59.jar:/Users/jguio/.m2/repository/org/seleniumhq/selenium/selenium-opera-driver/3.141.59/selenium-opera-driver-3.141.59.jar:/Users/jguio/.m2/repository/org/seleniumhq/selenium/selenium-remote-driver/3.141.59/selenium-remote-driver-3.141.59.jar:/Users/jguio/.m2/repository/org/seleniumhq/selenium/selenium-safari-driver/3.141.59/selenium-safari-driver-3.141.59.jar:/Users/jguio/.m2/repository/org/seleniumhq/selenium/selenium-support/3.141.59/selenium-support-3.141.59.jar:/Users/jguio/.m2/repository/net/bytebuddy/byte-buddy/1.8.15/byte-buddy-1.8.15.jar:/Users/jguio/.m2/repository/org/apache/commons/commons-exec/1.3/commons-exec-1.3.jar:/Users/jguio/.m2/repository/com/google/guava/guava/25.0-jre/guava-25.0-jre.jar:/Users/jguio/.m2/repository/com/google/code/findbugs/jsr305/1.3.9/jsr305-1.3.9.jar:/Users/jguio/.m2/repository/org/checkerframework/checker-compat-qual/2.0.0/checker-compat-qual-2.0.0.jar:/Users/jguio/.m2/repository/com/google/errorprone/error_prone_annotations/2.1.3/error_prone_annotations-2.1.3.jar:/Users/jguio/.m2/repository/com/google/j2objc/j2objc-annotations/1.1/j2objc-annotations-1.1.jar:/Users/jguio/.m2/repository/org/codehaus/mojo/animal-sniffer-annotations/1.14/animal-sniffer-annotations-1.14.jar:/Users/jguio/.m2/repository/com/squareup/okhttp3/okhttp/3.11.0/okhttp-3.11.0.jar:/Users/jguio/.m2/repository/com/squareup/okio/okio/1.14.0/okio-1.14.0.jar:/Users/jguio/.m2/repository/org/testng/testng/6.8/testng-6.8.jar:/Users/jguio/.m2/repository/org/beanshell/bsh/2.0b4/bsh-2.0b4.jar:/Users/jguio/.m2/repository/com/beust/jcommander/1.27/jcommander-1.27.jar:/Users/jguio/.m2/repository/org/yaml/snakeyaml/1.6/snakeyaml-1.6.jar:/Users/jguio/.m2/repository/org/apache/logging/log4j/log4j-core/2.8.2/log4j-core-2.8.2.jar:/Users/jguio/.m2/repository/org/apache/logging/log4j/log4j-api/2.8.2/log4j-api-2.8.2.jar:/Users/jguio/.m2/repository/org/seleniumhq/selenium/selenium-server/3.0.1/selenium-server-3.0.1.jar:/Users/jguio/.m2/repository/net/jcip/jcip-annotations/1.0/jcip-annotations-1.0.jar:/Users/jguio/.m2/repository/org/seleniumhq/selenium/jetty-repacked/9.2.13.v20160825/jetty-repacked-9.2.13.v20160825.jar:/Users/jguio/.m2/repository/javax/servlet/javax.servlet-api/3.1.0/javax.servlet-api-3.1.0.jar:/Users/jguio/.m2/repository/org/seleniumhq/selenium/htmlunit-driver/2.23/htmlunit-driver-2.23.jar:/Users/jguio/.m2/repository/net/sourceforge/htmlunit/htmlunit/2.23/htmlunit-2.23.jar:/Users/jguio/.m2/repository/xalan/xalan/2.7.2/xalan-2.7.2.jar:/Users/jguio/.m2/repository/xalan/serializer/2.7.2/serializer-2.7.2.jar:/Users/jguio/.m2/repository/org/apache/httpcomponents/httpclient/4.5.2/httpclient-4.5.2.jar:/Users/jguio/.m2/repository/org/apache/httpcomponents/httpcore/4.4.4/httpcore-4.4.4.jar:/Users/jguio/.m2/repository/org/apache/httpcomponents/httpmime/4.5.2/httpmime-4.5.2.jar:/Users/jguio/.m2/repository/net/sourceforge/htmlunit/htmlunit-core-js/2.23/htmlunit-core-js-2.23.jar:/Users/jguio/.m2/repository/net/sourceforge/htmlunit/neko-htmlunit/2.23/neko-htmlunit-2.23.jar:/Users/jguio/.m2/repository/xerces/xercesImpl/2.11.0/xercesImpl-2.11.0.jar:/Users/jguio/.m2/repository/xml-apis/xml-apis/1.4.01/xml-apis-1.4.01.jar:/Users/jguio/.m2/repository/net/sourceforge/cssparser/cssparser/0.9.20/cssparser-0.9.20.jar:/Users/jguio/.m2/repository/org/w3c/css/sac/1.3/sac-1.3.jar:/Users/jguio/.m2/repository/org/apache/poi/poi/3.17/poi-3.17.jar:/Users/jguio/.m2/repository/commons-codec/commons-codec/1.10/commons-codec-1.10.jar:/Users/jguio/.m2/repository/org/apache/commons/commons-collections4/4.1/commons-collections4-4.1.jar:/Users/jguio/.m2/repository/com/opencsv/opencsv/4.0/opencsv-4.0.jar:/Users/jguio/.m2/repository/org/apache/commons/commons-lang3/3.6/commons-lang3-3.6.jar:/Users/jguio/.m2/repository/org/apache/commons/commons-text/1.1/commons-text-1.1.jar:/Users/jguio/.m2/repository/commons-beanutils/commons-beanutils/1.9.3/commons-beanutils-1.9.3.jar:/Users/jguio/.m2/repository/commons-logging/commons-logging/1.2/commons-logging-1.2.jar:/Users/jguio/.m2/repository/commons-collections/commons-collections/3.2.2/commons-collections-3.2.2.jar:/Users/jguio/.m2/repository/io/github/bonigarcia/webdrivermanager/4.4.3/webdrivermanager-4.4.3.jar:/Users/jguio/.m2/repository/org/slf4j/slf4j-api/1.7.30/slf4j-api-1.7.30.jar:/Users/jguio/.m2/repository/commons-io/commons-io/2.8.0/commons-io-2.8.0.jar:/Users/jguio/.m2/repository/com/google/code/gson/gson/2.8.6/gson-2.8.6.jar:/Users/jguio/.m2/repository/org/apache/httpcomponents/client5/httpclient5/5.0.3/httpclient5-5.0.3.jar:/Users/jguio/.m2/repository/org/apache/httpcomponents/core5/httpcore5/5.0.2/httpcore5-5.0.2.jar:/Users/jguio/.m2/repository/org/apache/httpcomponents/core5/httpcore5-h2/5.0.2/httpcore5-h2-5.0.2.jar:/Users/jguio/.m2/repository/org/rauschig/jarchivelib/1.1.0/jarchivelib-1.1.0.jar:/Users/jguio/.m2/repository/org/apache/commons/commons-compress/1.20/commons-compress-1.20.jar:/Users/jguio/.m2/repository/org/jsoup/jsoup/1.13.1/jsoup-1.13.1.jar:"/>
    <property name="java.vm.vendor" value="Eclipse Adoptium"/>
    <property name="sun.arch.data.model" value="64"/>
    <property name="java.vendor.url" value="https://adoptium.net/"/>
    <property name="os.name" value="Mac OS X"/>
    <property name="java.vm.specification.version" value="17"/>
    <property name="sun.java.launcher" value="SUN_STANDARD"/>
    <property name="user.country" value="US"/>
    <property name="sun.boot.library.path" value="/Users/jguio/.p2/pool/plugins/org.eclipse.justj.openjdk.hotspot.jre.full.macosx.x86_64_17.0.1.v20211116-1657/jre/lib"/>
    <property name="sun.java.command" value="/Users/jguio/eclipse-workspace/OneScheme-SFDC/target/surefire/surefirebooter15139603589690765623.jar /Users/jguio/eclipse-workspace/OneScheme-SFDC/target/surefire 2023-07-03T12-48-14_644-jvmRun1 surefire1719867690219083227tmp surefire_014834437684341619153tmp"/>
    <property name="jdk.debug" value="release"/>
    <property name="surefire.test.class.path" value="/Users/jguio/eclipse-workspace/OneScheme-SFDC/target/test-classes:/Users/jguio/eclipse-workspace/OneScheme-SFDC/target/classes:/Users/jguio/.m2/repository/junit/junit/4.12/junit-4.12.jar:/Users/jguio/.m2/repository/org/hamcrest/hamcrest-core/1.3/hamcrest-core-1.3.jar:/Users/jguio/.m2/repository/org/seleniumhq/selenium/selenium-java/3.141.59/selenium-java-3.141.59.jar:/Users/jguio/.m2/repository/org/seleniumhq/selenium/selenium-api/3.141.59/selenium-api-3.141.59.jar:/Users/jguio/.m2/repository/org/seleniumhq/selenium/selenium-chrome-driver/3.141.59/selenium-chrome-driver-3.141.59.jar:/Users/jguio/.m2/repository/org/seleniumhq/selenium/selenium-edge-driver/3.141.59/selenium-edge-driver-3.141.59.jar:/Users/jguio/.m2/repository/org/seleniumhq/selenium/selenium-firefox-driver/3.141.59/selenium-firefox-driver-3.141.59.jar:/Users/jguio/.m2/repository/org/seleniumhq/selenium/selenium-ie-driver/3.141.59/selenium-ie-driver-3.141.59.jar:/Users/jguio/.m2/repository/org/seleniumhq/selenium/selenium-opera-driver/3.141.59/selenium-opera-driver-3.141.59.jar:/Users/jguio/.m2/repository/org/seleniumhq/selenium/selenium-remote-driver/3.141.59/selenium-remote-driver-3.141.59.jar:/Users/jguio/.m2/repository/org/seleniumhq/selenium/selenium-safari-driver/3.141.59/selenium-safari-driver-3.141.59.jar:/Users/jguio/.m2/repository/org/seleniumhq/selenium/selenium-support/3.141.59/selenium-support-3.141.59.jar:/Users/jguio/.m2/repository/net/bytebuddy/byte-buddy/1.8.15/byte-buddy-1.8.15.jar:/Users/jguio/.m2/repository/org/apache/commons/commons-exec/1.3/commons-exec-1.3.jar:/Users/jguio/.m2/repository/com/google/guava/guava/25.0-jre/guava-25.0-jre.jar:/Users/jguio/.m2/repository/com/google/code/findbugs/jsr305/1.3.9/jsr305-1.3.9.jar:/Users/jguio/.m2/repository/org/checkerframework/checker-compat-qual/2.0.0/checker-compat-qual-2.0.0.jar:/Users/jguio/.m2/repository/com/google/errorprone/error_prone_annotations/2.1.3/error_prone_annotations-2.1.3.jar:/Users/jguio/.m2/repository/com/google/j2objc/j2objc-annotations/1.1/j2objc-annotations-1.1.jar:/Users/jguio/.m2/repository/org/codehaus/mojo/animal-sniffer-annotations/1.14/animal-sniffer-annotations-1.14.jar:/Users/jguio/.m2/repository/com/squareup/okhttp3/okhttp/3.11.0/okhttp-3.11.0.jar:/Users/jguio/.m2/repository/com/squareup/okio/okio/1.14.0/okio-1.14.0.jar:/Users/jguio/.m2/repository/org/testng/testng/6.8/testng-6.8.jar:/Users/jguio/.m2/repository/org/beanshell/bsh/2.0b4/bsh-2.0b4.jar:/Users/jguio/.m2/repository/com/beust/jcommander/1.27/jcommander-1.27.jar:/Users/jguio/.m2/repository/org/yaml/snakeyaml/1.6/snakeyaml-1.6.jar:/Users/jguio/.m2/repository/org/apache/logging/log4j/log4j-core/2.8.2/log4j-core-2.8.2.jar:/Users/jguio/.m2/repository/org/apache/logging/log4j/log4j-api/2.8.2/log4j-api-2.8.2.jar:/Users/jguio/.m2/repository/org/seleniumhq/selenium/selenium-server/3.0.1/selenium-server-3.0.1.jar:/Users/jguio/.m2/repository/net/jcip/jcip-annotations/1.0/jcip-annotations-1.0.jar:/Users/jguio/.m2/repository/org/seleniumhq/selenium/jetty-repacked/9.2.13.v20160825/jetty-repacked-9.2.13.v20160825.jar:/Users/jguio/.m2/repository/javax/servlet/javax.servlet-api/3.1.0/javax.servlet-api-3.1.0.jar:/Users/jguio/.m2/repository/org/seleniumhq/selenium/htmlunit-driver/2.23/htmlunit-driver-2.23.jar:/Users/jguio/.m2/repository/net/sourceforge/htmlunit/htmlunit/2.23/htmlunit-2.23.jar:/Users/jguio/.m2/repository/xalan/xalan/2.7.2/xalan-2.7.2.jar:/Users/jguio/.m2/repository/xalan/serializer/2.7.2/serializer-2.7.2.jar:/Users/jguio/.m2/repository/org/apache/httpcomponents/httpclient/4.5.2/httpclient-4.5.2.jar:/Users/jguio/.m2/repository/org/apache/httpcomponents/httpcore/4.4.4/httpcore-4.4.4.jar:/Users/jguio/.m2/repository/org/apache/httpcomponents/httpmime/4.5.2/httpmime-4.5.2.jar:/Users/jguio/.m2/repository/net/sourceforge/htmlunit/htmlunit-core-js/2.23/htmlunit-core-js-2.23.jar:/Users/jguio/.m2/repository/net/sourceforge/htmlunit/neko-htmlunit/2.23/neko-htmlunit-2.23.jar:/Users/jguio/.m2/repository/xerces/xercesImpl/2.11.0/xercesImpl-2.11.0.jar:/Users/jguio/.m2/repository/xml-apis/xml-apis/1.4.01/xml-apis-1.4.01.jar:/Users/jguio/.m2/repository/net/sourceforge/cssparser/cssparser/0.9.20/cssparser-0.9.20.jar:/Users/jguio/.m2/repository/org/w3c/css/sac/1.3/sac-1.3.jar:/Users/jguio/.m2/repository/org/apache/poi/poi/3.17/poi-3.17.jar:/Users/jguio/.m2/repository/commons-codec/commons-codec/1.10/commons-codec-1.10.jar:/Users/jguio/.m2/repository/org/apache/commons/commons-collections4/4.1/commons-collections4-4.1.jar:/Users/jguio/.m2/repository/com/opencsv/opencsv/4.0/opencsv-4.0.jar:/Users/jguio/.m2/repository/org/apache/commons/commons-lang3/3.6/commons-lang3-3.6.jar:/Users/jguio/.m2/repository/org/apache/commons/commons-text/1.1/commons-text-1.1.jar:/Users/jguio/.m2/repository/commons-beanutils/commons-beanutils/1.9.3/commons-beanutils-1.9.3.jar:/Users/jguio/.m2/repository/commons-logging/commons-logging/1.2/commons-logging-1.2.jar:/Users/jguio/.m2/repository/commons-collections/commons-collections/3.2.2/commons-collections-3.2.2.jar:/Users/jguio/.m2/repository/io/github/bonigarcia/webdrivermanager/4.4.3/webdrivermanager-4.4.3.jar:/Users/jguio/.m2/repository/org/slf4j/slf4j-api/1.7.30/slf4j-api-1.7.30.jar:/Users/jguio/.m2/repository/commons-io/commons-io/2.8.0/commons-io-2.8.0.jar:/Users/jguio/.m2/repository/com/google/code/gson/gson/2.8.6/gson-2.8.6.jar:/Users/jguio/.m2/repository/org/apache/httpcomponents/client5/httpclient5/5.0.3/httpclient5-5.0.3.jar:/Users/jguio/.m2/repository/org/apache/httpcomponents/core5/httpcore5/5.0.2/httpcore5-5.0.2.jar:/Users/jguio/.m2/repository/org/apache/httpcomponents/core5/httpcore5-h2/5.0.2/httpcore5-h2-5.0.2.jar:/Users/jguio/.m2/repository/org/rauschig/jarchivelib/1.1.0/jarchivelib-1.1.0.jar:/Users/jguio/.m2/repository/org/apache/commons/commons-compress/1.20/commons-compress-1.20.jar:/Users/jguio/.m2/repository/org/jsoup/jsoup/1.13.1/jsoup-1.13.1.jar:"/>
    <property name="sun.cpu.endian" value="little"/>
    <property name="user.home" value="/Users/jguio"/>
    <property name="user.language" value="en"/>
    <property name="java.specification.vendor" value="Oracle Corporation"/>
    <property name="java.version.date" value="2021-10-19"/>
    <property name="java.home" value="/Users/jguio/.p2/pool/plugins/org.eclipse.justj.openjdk.hotspot.jre.full.macosx.x86_64_17.0.1.v20211116-1657/jre"/>
    <property name="file.separator" value="/"/>
    <property name="basedir" value="/Users/jguio/eclipse-workspace/OneScheme-SFDC"/>
    <property name="java.vm.compressedOopsMode" value="Zero based"/>
    <property name="line.separator" value="&#10;"/>
    <property name="java.vm.specification.vendor" value="Oracle Corporation"/>
    <property name="java.specification.name" value="Java Platform API Specification"/>
    <property name="surefire.real.class.path" value="/Users/jguio/eclipse-workspace/OneScheme-SFDC/target/surefire/surefirebooter15139603589690765623.jar"/>
    <property name="sun.management.compiler" value="HotSpot 64-Bit Tiered Compilers"/>
    <property name="java.runtime.version" value="17.0.1+12"/>
    <property name="user.name" value="jguio"/>
    <property name="path.separator" value=":"/>
    <property name="os.version" value="11.4"/>
    <property name="java.runtime.name" value="OpenJDK Runtime Environment"/>
    <property name="file.encoding" value="UTF-8"/>
    <property name="java.vm.name" value="OpenJDK 64-Bit Server VM"/>
    <property name="java.vendor.version" value="Temurin-17.0.1+12"/>
    <property name="localRepository" value="/Users/jguio/.m2/repository"/>
    <property name="java.vendor.url.bug" value="https://github.com/adoptium/adoptium-support/issues"/>
    <property name="java.io.tmpdir" value="/var/folders/8x/sqr_05cx4zs814tkr0w_98h13q6z18/T/"/>
    <property name="java.version" value="17.0.1"/>
    <property name="user.dir" value="/Users/jguio/eclipse-workspace/OneScheme-SFDC"/>
    <property name="os.arch" value="x86_64"/>
    <property name="java.vm.specification.name" value="Java Virtual Machine Specification"/>
    <property name="native.encoding" value="UTF-8"/>
    <property name="java.library.path" value="/Users/jguio/Library/Java/Extensions:/Library/Java/Extensions:/Network/Library/Java/Extensions:/System/Library/Java/Extensions:/usr/lib/java:."/>
    <property name="java.vm.info" value="mixed mode"/>
    <property name="java.vendor" value="Eclipse Adoptium"/>
    <property name="java.vm.version" value="17.0.1+12"/>
    <property name="sun.io.unicode.encoding" value="UnicodeBig"/>
    <property name="java.class.version" value="61.0"/>
  </properties>
  <testcase name="shouldAnswerWithTrue on shouldAnswerWithTrue(com.blackboard.com.AppTest)" classname="com.blackboard.com.AppTest" time="0.001"/>
</testsuite>